In file included from [01m[K/opt/ros/foxy/include/rclcpp/client.hpp:40[m[K,
                 from [01m[K/opt/ros/foxy/include/rclcpp/callback_group.hpp:23[m[K,
                 from [01m[K/opt/ros/foxy/include/rclcpp/any_executable.hpp:20[m[K,
                 from [01m[K/opt/ros/foxy/include/rclcpp/memory_strategy.hpp:24[m[K,
                 from [01m[K/opt/ros/foxy/include/rclcpp/memory_strategies.hpp:18[m[K,
                 from [01m[K/opt/ros/foxy/include/rclcpp/executor_options.hpp:20[m[K,
                 from [01m[K/opt/ros/foxy/include/rclcpp/executor.hpp:33[m[K,
                 from [01m[K/opt/ros/foxy/include/rclcpp/executors/multi_threaded_executor.hpp:26[m[K,
                 from [01m[K/opt/ros/foxy/include/rclcpp/executors.hpp:21[m[K,
                 from [01m[K/opt/ros/foxy/include/rclcpp/rclcpp.hpp:146[m[K,
                 from [01m[K/home/arc/Documents/automatic_arc_melting_system/src/tcp_handle/src/message_test.cpp:1[m[K:
[01m[K/home/arc/Documents/automatic_arc_melting_system/src/tcp_handle/src/message_test.cpp:[m[K In function â€˜[01m[Kint main(int, char**)[m[Kâ€™:
[01m[K/home/arc/Documents/automatic_arc_melting_system/src/tcp_handle/src/message_test.cpp:58:74:[m[K [01;31m[Kerror: [m[Kâ€˜[01m[Kusing element_type = struct tcp_format::srv::SocketFormat_Response_<std::allocator<void> >[m[Kâ€™ {aka â€˜[01m[Kstruct tcp_format::srv::SocketFormat_Response_<std::allocator<void> >[m[Kâ€™} has no member named â€˜[01m[Kerror[m[Kâ€™
   58 |   RCLCPP_INFO(rclcpp::get_logger("rclcpp"), "error: %s", result.get()->[01;31m[Kerror[m[K.c_str());
      |                                                                        [01;31m[K^~~~~[m[K

[01m[K/home/arc/Documents/automatic_arc_melting_system/src/tcp_handle/src/tcp_client.cpp:[m[K In function â€˜[01m[Kint recv_socket(int, char*)[m[Kâ€™:
[01m[K/home/arc/Documents/automatic_arc_melting_system/src/tcp_handle/src/tcp_client.cpp:87:1:[m[K [01;35m[Kwarning: [m[Kcontrol reaches end of non-void function [[01;35m[K-Wreturn-type[m[K]
   87 | [01;35m[K}[m[K
      | [01;35m[K^[m[K
make[2]: *** [CMakeFiles/client.dir/build.make:63: CMakeFiles/client.dir/src/message_test.cpp.o] Error 1
make[1]: *** [CMakeFiles/Makefile2:80: CMakeFiles/client.dir/all] Error 2
make[1]: *** Waiting for unfinished jobs....
make: *** [Makefile:141: all] Error 2
