[0.011s] Invoking command in '/home/arc/Documents/automatic_arc_melting_system/build/cobotta_process': AMENT_PREFIX_PATH=/home/arc/Documents/automatic_arc_melting_system/install/tcp_format:${AMENT_PREFIX_PATH} CMAKE_PREFIX_PATH=/home/arc/Documents/automatic_arc_melting_system/install/tcp_format:/opt/ros/foxy LD_LIBRARY_PATH=/home/arc/Documents/automatic_arc_melting_system/install/tcp_format/lib:${LD_LIBRARY_PATH} PYTHONPATH=/home/arc/Documents/automatic_arc_melting_system/install/tcp_format/lib/python3.8/site-packages:${PYTHONPATH} /usr/bin/cmake --build /home/arc/Documents/automatic_arc_melting_system/build/cobotta_process -- -j16 -l16
[0.038s] [35m[1mScanning dependencies of target client[0m
[0.053s] [ 50%] [32mBuilding CXX object CMakeFiles/client.dir/src/cobotta_io.cpp.o[0m
[0.913s] [01m[K/home/arc/Documents/automatic_arc_melting_system/src/cobotta_process/src/cobotta_io.cpp:11:19:[m[K [01;35m[Kwarning: [m[Kuse of â€˜[01m[Kauto[m[Kâ€™ in parameter declaration only available with â€˜[01m[K-fconcepts[m[Kâ€™
[0.913s]    11 |                   [01;35m[Kauto[m[K request){
[0.914s]       |                   [01;35m[K^~~~[m[K
[0.916s] [01m[K/home/arc/Documents/automatic_arc_melting_system/src/cobotta_process/src/cobotta_io.cpp:[m[K In function â€˜[01m[Kint creat_socket(rclcpp::Client<tcp_format::srv::SocketFormat>::SharedPtr, auto:12)[m[Kâ€™:
[0.916s] [01m[K/home/arc/Documents/automatic_arc_melting_system/src/cobotta_process/src/cobotta_io.cpp:23:42:[m[K [01;31m[Kerror: [m[Kâ€˜[01m[Knode[m[Kâ€™ was not declared in this scope
[0.916s]    23 |   if (rclcpp::spin_until_future_complete([01;31m[Knode[m[K, result) ==
[0.916s]       |                                          [01;31m[K^~~~[m[K
[0.917s] [01m[K/home/arc/Documents/automatic_arc_melting_system/src/cobotta_process/src/cobotta_io.cpp:[m[K At global scope:
[0.917s] [01m[K/home/arc/Documents/automatic_arc_melting_system/src/cobotta_process/src/cobotta_io.cpp:38:19:[m[K [01;35m[Kwarning: [m[Kuse of â€˜[01m[Kauto[m[Kâ€™ in parameter declaration only available with â€˜[01m[K-fconcepts[m[Kâ€™
[0.917s]    38 |                   [01;35m[Kauto[m[K request){
[0.917s]       |                   [01;35m[K^~~~[m[K
[0.918s] [01m[K/home/arc/Documents/automatic_arc_melting_system/src/cobotta_process/src/cobotta_io.cpp:[m[K In function â€˜[01m[Kint send_socket(rclcpp::Client<tcp_format::srv::SocketFormat>::SharedPtr, auto:13)[m[Kâ€™:
[0.918s] [01m[K/home/arc/Documents/automatic_arc_melting_system/src/cobotta_process/src/cobotta_io.cpp:50:42:[m[K [01;31m[Kerror: [m[Kâ€˜[01m[Knode[m[Kâ€™ was not declared in this scope
[0.918s]    50 |   if (rclcpp::spin_until_future_complete([01;31m[Knode[m[K, result) ==
[0.918s]       |                                          [01;31m[K^~~~[m[K
[0.919s] [01m[K/home/arc/Documents/automatic_arc_melting_system/src/cobotta_process/src/cobotta_io.cpp:[m[K At global scope:
[0.919s] [01m[K/home/arc/Documents/automatic_arc_melting_system/src/cobotta_process/src/cobotta_io.cpp:64:19:[m[K [01;35m[Kwarning: [m[Kuse of â€˜[01m[Kauto[m[Kâ€™ in parameter declaration only available with â€˜[01m[K-fconcepts[m[Kâ€™
[0.919s]    64 |                   [01;35m[Kauto[m[K request){
[0.919s]       |                   [01;35m[K^~~~[m[K
[0.920s] [01m[K/home/arc/Documents/automatic_arc_melting_system/src/cobotta_process/src/cobotta_io.cpp:[m[K In function â€˜[01m[Kint close_socket(rclcpp::Client<tcp_format::srv::SocketFormat>::SharedPtr, auto:14)[m[Kâ€™:
[0.920s] [01m[K/home/arc/Documents/automatic_arc_melting_system/src/cobotta_process/src/cobotta_io.cpp:76:42:[m[K [01;31m[Kerror: [m[Kâ€˜[01m[Knode[m[Kâ€™ was not declared in this scope
[0.920s]    76 |   if (rclcpp::spin_until_future_complete([01;31m[Knode[m[K, result) ==
[0.920s]       |                                          [01;31m[K^~~~[m[K
[1.290s] make[2]: *** [CMakeFiles/client.dir/build.make:63: CMakeFiles/client.dir/src/cobotta_io.cpp.o] Error 1
[1.290s] make[1]: *** [CMakeFiles/Makefile2:78: CMakeFiles/client.dir/all] Error 2
[1.290s] make: *** [Makefile:141: all] Error 2
[1.292s] Invoked command in '/home/arc/Documents/automatic_arc_melting_system/build/cobotta_process' returned '2': AMENT_PREFIX_PATH=/home/arc/Documents/automatic_arc_melting_system/install/tcp_format:${AMENT_PREFIX_PATH} CMAKE_PREFIX_PATH=/home/arc/Documents/automatic_arc_melting_system/install/tcp_format:/opt/ros/foxy LD_LIBRARY_PATH=/home/arc/Documents/automatic_arc_melting_system/install/tcp_format/lib:${LD_LIBRARY_PATH} PYTHONPATH=/home/arc/Documents/automatic_arc_melting_system/install/tcp_format/lib/python3.8/site-packages:${PYTHONPATH} /usr/bin/cmake --build /home/arc/Documents/automatic_arc_melting_system/build/cobotta_process -- -j16 -l16
